Unity Editor version:    2020.3.20f1 (41c4e627c95f)
Branch:                  2020.3/staging
Build type:              Release
Batch mode:              YES
macOS version:           Version 11.7.6 (Build 20G1231)
Darwin version:          20.6.0
Architecture:            x86_64
Running under Rosetta:   NO
Available memory:        65536 MB
Using pre-set license
Pro License: NO

COMMAND LINE ARGUMENTS:
/Applications/Unity/Hub/Editor/2020.3.20f1/Unity.app/Contents/MacOS/Unity
-adb2
-batchMode
-noUpm
-name
AssetImportWorker1
-projectPath
/Users/luckyrotty/Documents/GitHub/Bees/Bees
-logFile
Logs/AssetImportWorker1.log
-srvPort
54012
Successfully changed project path to: /Users/luckyrotty/Documents/GitHub/Bees/Bees
/Users/luckyrotty/Documents/GitHub/Bees/Bees
Using Asset Import Pipeline V2.
Refreshing native plugins compatible for Editor in 44.43 ms, found 3 plugins.
Preloading 0 native plugins for Editor in 0.00 ms.
Initialize engine version: 2020.3.20f1 (41c4e627c95f)
[Subsystems] Discovering subsystems at path /Applications/Unity/Hub/Editor/2020.3.20f1/Unity.app/Contents/Resources/UnitySubsystems
[Subsystems] Discovering subsystems at path /Users/luckyrotty/Documents/GitHub/Bees/Bees/Assets
GfxDevice: creating device client; threaded=0
2023-05-05 19:19:53.932 Unity[50703:2535428] iMac preferred device: AMD Radeon Pro 580X (high power)
2023-05-05 19:19:53.932 Unity[50703:2535428] Metal devices available: 1
2023-05-05 19:19:53.932 Unity[50703:2535428] 0: AMD Radeon Pro 580X (high power)
2023-05-05 19:19:53.932 Unity[50703:2535428] Using device AMD Radeon Pro 580X (high power)
Initializing Metal device caps: AMD Radeon Pro 580X
Initialize mono
Mono path[0] = '/Applications/Unity/Hub/Editor/2020.3.20f1/Unity.app/Contents/Managed'
Mono path[1] = '/Applications/Unity/Hub/Editor/2020.3.20f1/Unity.app/Contents/MonoBleedingEdge/lib/mono/unityjit'
Mono config path = '/Applications/Unity/Hub/Editor/2020.3.20f1/Unity.app/Contents/MonoBleedingEdge/etc'
Using monoOptions --debugger-agent=transport=dt_socket,embedding=1,server=y,suspend=n,address=127.0.0.1:56703
Begin MonoManager ReloadAssembly
Registering precompiled unity dll's ...
Register platform support module: /Applications/Unity/Hub/Editor/2020.3.20f1/Unity.app/Contents/PlaybackEngines/MacStandaloneSupport/UnityEditor.OSXStandalone.Extensions.dll
Register platform support module: /Applications/Unity/Hub/Editor/2020.3.20f1/PlaybackEngines/WindowsStandaloneSupport/UnityEditor.WindowsStandalone.Extensions.dll
Registered in 0.001355 seconds.
Native extension for WindowsStandalone target not found
Native extension for OSXStandalone target not found
Refreshing native plugins compatible for Editor in 48.01 ms, found 3 plugins.
Preloading 0 native plugins for Editor in 0.00 ms.
Mono: successfully reloaded assembly
- Completed reload, in  3.635 seconds
Domain Reload Profiling:
	ReloadAssembly (3635ms)
		BeginReloadAssembly (51ms)
			ExecutionOrderSort (0ms)
			DisableScriptedObjects (0ms)
			BackupInstance (0ms)
			ReleaseScriptingObjects (0ms)
			CreateAndSetChildDomain (1ms)
		EndReloadAssembly (501ms)
			LoadAssemblies (51ms)
			RebuildTransferFunctionScriptingTraits (0ms)
			SetupTypeCache (202ms)
			ReleaseScriptCaches (0ms)
			RebuildScriptCaches (42ms)
			SetupLoadedEditorAssemblies (200ms)
				LogAssemblyErrors (0ms)
				InitializePlatformSupportModulesInManaged (5ms)
				SetLoadedEditorAssemblies (0ms)
				RefreshPlugins (48ms)
				BeforeProcessingInitializeOnLoad (10ms)
				ProcessInitializeOnLoadAttributes (100ms)
				ProcessInitializeOnLoadMethodAttributes (37ms)
				AfterProcessingInitializeOnLoad (0ms)
				EditorAssembliesLoaded (0ms)
			ExecutionOrderSort2 (0ms)
			AwakeInstancesAfterBackupRestoration (0ms)
Platform modules already initialized, skipping
Registering precompiled user dll's ...
Registered in 0.023000 seconds.
Begin MonoManager ReloadAssembly
Native extension for WindowsStandalone target not found
Native extension for OSXStandalone target not found
Refreshing native plugins compatible for Editor in 57.48 ms, found 3 plugins.
Preloading 0 native plugins for Editor in 0.00 ms.
Mono: successfully reloaded assembly
- Completed reload, in  1.427 seconds
Domain Reload Profiling:
	ReloadAssembly (1471ms)
		BeginReloadAssembly (172ms)
			ExecutionOrderSort (0ms)
			DisableScriptedObjects (5ms)
			BackupInstance (0ms)
			ReleaseScriptingObjects (0ms)
			CreateAndSetChildDomain (31ms)
		EndReloadAssembly (1224ms)
			LoadAssemblies (102ms)
			RebuildTransferFunctionScriptingTraits (0ms)
			SetupTypeCache (379ms)
			ReleaseScriptCaches (0ms)
			RebuildScriptCaches (85ms)
			SetupLoadedEditorAssemblies (407ms)
				LogAssemblyErrors (0ms)
				InitializePlatformSupportModulesInManaged (6ms)
				SetLoadedEditorAssemblies (0ms)
				RefreshPlugins (58ms)
				BeforeProcessingInitializeOnLoad (87ms)
				ProcessInitializeOnLoadAttributes (239ms)
				ProcessInitializeOnLoadMethodAttributes (15ms)
				AfterProcessingInitializeOnLoad (1ms)
				EditorAssembliesLoaded (0ms)
			ExecutionOrderSort2 (0ms)
			AwakeInstancesAfterBackupRestoration (7ms)
Platform modules already initialized, skipping
Validating Project structure ... 0.030847 seconds.
Shader import version has changed; will reimport all shaders...
Upgrading shader files ...0.420809 seconds.
Application.AssetDatabase Initial Script Refresh Start
RefreshInfo: InitialScriptRefreshV2(NoUpdateAssetOptions) scanfilter:  ... 1 filters
RefreshProfiler: Total: 0.000ms
Application.AssetDatabase Initial Script Refresh End
Application.AssetDatabase.Refresh Start
Application.AssetDatabase.Refresh End
RefreshInfo: StopAssetImportingV2(ForceSynchronousImport) scanfilter: 
RefreshProfiler: Total: 0.000ms
Launching external process: /Applications/Unity/Hub/Editor/2020.3.20f1/Unity.app/Contents/Tools/UnityShaderCompiler
Launched and connected shader compiler UnityShaderCompiler after 0.01 seconds
Initializing Unity extensions:
========================================================================
Worker process is ready to serve import requests
Refreshing native plugins compatible for Editor in 0.55 ms, found 3 plugins.
Preloading 0 native plugins for Editor in 0.00 ms.
Unloading 2392 Unused Serialized files (Serialized files now loaded: 0)
System memory in use before: 214.7 MB.
System memory in use after: 213.9 MB.

Unloading 168 unused Assets to reduce memory usage. Loaded Objects now: 2872.
Total: 4.191221 ms (FindLiveObjects: 0.242971 ms CreateObjectMapping: 0.102856 ms MarkObjects: 3.141148 ms  DeleteObjects: 0.702743 ms)

AssetImportParameters requested are different than current active one (requested -> active):
  custom:video-decoder-ogg-theora: a1e56fd34408186e4bbccfd4996cb3dc -> 
  custom:container-muxer-webm: aa71ff27fc2769a1b78a27578f13a17b -> 
  custom:container-demuxer-webm: 4f35f7cbe854078d1ac9338744f61a02 -> 
  custom:container-demuxer-ogg: 62fdf1f143b41e24485cea50d1cbac27 -> 
  custom:video-encoder-webm-vp8: eb34c28f22e8b96e1ab97ce403110664 -> 
  custom:framework-osx-AVFoundation: e770b220cccbd017edd2c1fefb359320 -> 
  custom:video-decoder-webm-vp8: 9c59270c3fd7afecdb556c50c9e8de78 -> 
  custom:audio-decoder-ogg-vorbis: bf7c407c2cedff20999df2af8eb42d56 -> 
  custom:audio-encoder-webm-vorbis: bf7c407c2cedff20999df2af8eb42d56 -> 
========================================================================
Received Import Request.
  path: Assets/Scenes/LoadingScene.unity
  artifactKey: Guid(2da90486c47f04d56884f67970e05d2b) Importer(815301076,1909f56bfc062723c751e8b465ee728b)
Start importing Assets/Scenes/LoadingScene.unity using Guid(2da90486c47f04d56884f67970e05d2b) Importer(815301076,1909f56bfc062723c751e8b465ee728b)  -> (artifact id: '4777c3ab1bff95a88675575416bdbfc1') in 0.014506 seconds 
  Import took 0.019087 seconds .

========================================================================
Received Import Request.
  Time since last request: 44.790877 seconds.
  path: Assets/Scenes/GameScene.unity
  artifactKey: Guid(e697ef842e327487ca51a89aadd5c31b) Importer(815301076,1909f56bfc062723c751e8b465ee728b)
Start importing Assets/Scenes/GameScene.unity using Guid(e697ef842e327487ca51a89aadd5c31b) Importer(815301076,1909f56bfc062723c751e8b465ee728b)  -> (artifact id: '86b6819723ad7f56541a46133cacb10e') in 0.006587 seconds 
  Import took 0.011464 seconds .

========================================================================
Received Import Request.
  Time since last request: 4.433685 seconds.
  path: Assets/Scenes/StorageScene.unity
  artifactKey: Guid(2cda990e2423bbf4892e6590ba056729) Importer(815301076,1909f56bfc062723c751e8b465ee728b)
Start importing Assets/Scenes/StorageScene.unity using Guid(2cda990e2423bbf4892e6590ba056729) Importer(815301076,1909f56bfc062723c751e8b465ee728b)  -> (artifact id: 'fd20cc28e3f94a0d0fd17781f44544a9') in 0.006467 seconds 
  Import took 0.010857 seconds .

========================================================================
Received Prepare
Registering precompiled user dll's ...
Registered in 0.002142 seconds.
Begin MonoManager ReloadAssembly
Native extension for WindowsStandalone target not found
Native extension for OSXStandalone target not found
Refreshing native plugins compatible for Editor in 0.45 ms, found 3 plugins.
Preloading 0 native plugins for Editor in 0.00 ms.
Mono: successfully reloaded assembly
- Completed reload, in  1.158 seconds
Domain Reload Profiling:
	ReloadAssembly (1158ms)
		BeginReloadAssembly (142ms)
			ExecutionOrderSort (0ms)
			DisableScriptedObjects (8ms)
			BackupInstance (0ms)
			ReleaseScriptingObjects (0ms)
			CreateAndSetChildDomain (63ms)
		EndReloadAssembly (951ms)
			LoadAssemblies (86ms)
			RebuildTransferFunctionScriptingTraits (0ms)
			SetupTypeCache (368ms)
			ReleaseScriptCaches (1ms)
			RebuildScriptCaches (54ms)
			SetupLoadedEditorAssemblies (330ms)
				LogAssemblyErrors (0ms)
				InitializePlatformSupportModulesInManaged (5ms)
				SetLoadedEditorAssemblies (1ms)
				RefreshPlugins (0ms)
				BeforeProcessingInitializeOnLoad (113ms)
				ProcessInitializeOnLoadAttributes (203ms)
				ProcessInitializeOnLoadMethodAttributes (6ms)
				AfterProcessingInitializeOnLoad (1ms)
				EditorAssembliesLoaded (0ms)
			ExecutionOrderSort2 (0ms)
			AwakeInstancesAfterBackupRestoration (11ms)
Platform modules already initialized, skipping
Refreshing native plugins compatible for Editor in 0.43 ms, found 3 plugins.
Preloading 0 native plugins for Editor in 0.00 ms.
Unloading 2367 Unused Serialized files (Serialized files now loaded: 0)
System memory in use before: 210.8 MB.
System memory in use after: 211.1 MB.

Unloading 15 unused Assets to reduce memory usage. Loaded Objects now: 2876.
Total: 3.268120 ms (FindLiveObjects: 0.251253 ms CreateObjectMapping: 0.092787 ms MarkObjects: 2.900934 ms  DeleteObjects: 0.022345 ms)

AssetImportParameters requested are different than current active one (requested -> active):
  custom:video-decoder-ogg-theora: a1e56fd34408186e4bbccfd4996cb3dc -> 
  custom:container-muxer-webm: aa71ff27fc2769a1b78a27578f13a17b -> 
  custom:container-demuxer-webm: 4f35f7cbe854078d1ac9338744f61a02 -> 
  custom:container-demuxer-ogg: 62fdf1f143b41e24485cea50d1cbac27 -> 
  custom:video-encoder-webm-vp8: eb34c28f22e8b96e1ab97ce403110664 -> 
  custom:framework-osx-AVFoundation: e770b220cccbd017edd2c1fefb359320 -> 
  custom:video-decoder-webm-vp8: 9c59270c3fd7afecdb556c50c9e8de78 -> 
  custom:audio-decoder-ogg-vorbis: bf7c407c2cedff20999df2af8eb42d56 -> 
  custom:audio-encoder-webm-vorbis: bf7c407c2cedff20999df2af8eb42d56 -> 
========================================================================
Received Prepare
Registering precompiled user dll's ...
Registered in 0.002832 seconds.
Begin MonoManager ReloadAssembly
Native extension for WindowsStandalone target not found
Native extension for OSXStandalone target not found
Refreshing native plugins compatible for Editor in 0.51 ms, found 3 plugins.
Preloading 0 native plugins for Editor in 0.00 ms.
Mono: successfully reloaded assembly
- Completed reload, in  1.240 seconds
Domain Reload Profiling:
	ReloadAssembly (1240ms)
		BeginReloadAssembly (153ms)
			ExecutionOrderSort (0ms)
			DisableScriptedObjects (9ms)
			BackupInstance (0ms)
			ReleaseScriptingObjects (0ms)
			CreateAndSetChildDomain (71ms)
		EndReloadAssembly (1019ms)
			LoadAssemblies (136ms)
			RebuildTransferFunctionScriptingTraits (0ms)
			SetupTypeCache (372ms)
			ReleaseScriptCaches (1ms)
			RebuildScriptCaches (57ms)
			SetupLoadedEditorAssemblies (335ms)
				LogAssemblyErrors (0ms)
				InitializePlatformSupportModulesInManaged (6ms)
				SetLoadedEditorAssemblies (0ms)
				RefreshPlugins (1ms)
				BeforeProcessingInitializeOnLoad (114ms)
				ProcessInitializeOnLoadAttributes (206ms)
				ProcessInitializeOnLoadMethodAttributes (6ms)
				AfterProcessingInitializeOnLoad (1ms)
				EditorAssembliesLoaded (0ms)
			ExecutionOrderSort2 (0ms)
			AwakeInstancesAfterBackupRestoration (11ms)
Platform modules already initialized, skipping
Refreshing native plugins compatible for Editor in 0.45 ms, found 3 plugins.
Preloading 0 native plugins for Editor in 0.00 ms.
Unloading 2367 Unused Serialized files (Serialized files now loaded: 0)
System memory in use before: 211.5 MB.
System memory in use after: 211.7 MB.

Unloading 14 unused Assets to reduce memory usage. Loaded Objects now: 2879.
Total: 3.546239 ms (FindLiveObjects: 0.284192 ms CreateObjectMapping: 0.116099 ms MarkObjects: 3.123397 ms  DeleteObjects: 0.021242 ms)

AssetImportParameters requested are different than current active one (requested -> active):
  custom:video-decoder-ogg-theora: a1e56fd34408186e4bbccfd4996cb3dc -> 
  custom:container-muxer-webm: aa71ff27fc2769a1b78a27578f13a17b -> 
  custom:container-demuxer-webm: 4f35f7cbe854078d1ac9338744f61a02 -> 
  custom:container-demuxer-ogg: 62fdf1f143b41e24485cea50d1cbac27 -> 
  custom:video-encoder-webm-vp8: eb34c28f22e8b96e1ab97ce403110664 -> 
  custom:framework-osx-AVFoundation: e770b220cccbd017edd2c1fefb359320 -> 
  custom:video-decoder-webm-vp8: 9c59270c3fd7afecdb556c50c9e8de78 -> 
  custom:audio-decoder-ogg-vorbis: bf7c407c2cedff20999df2af8eb42d56 -> 
  custom:audio-encoder-webm-vorbis: bf7c407c2cedff20999df2af8eb42d56 -> 
========================================================================
Received Import Request.
  Time since last request: 14290.832658 seconds.
  path: Assets/Images/Background/Hive/Exit.asset
  artifactKey: Guid(890f33bfa2f7c464281ac75469098281) Importer(815301076,1909f56bfc062723c751e8b465ee728b)
Start importing Assets/Images/Background/Hive/Exit.asset using Guid(890f33bfa2f7c464281ac75469098281) Importer(815301076,1909f56bfc062723c751e8b465ee728b)  -> (artifact id: '5efea10e66b279a1e123544c6c057b6a') in 1.296525 seconds 
  Import took 1.303026 seconds .

========================================================================
Received Import Request.
  Time since last request: 0.002169 seconds.
  path: Assets/Images/Background/Hive/hiveBackground.png
  artifactKey: Guid(850779b77f5b942d79edf87a6bb41460) Importer(815301076,1909f56bfc062723c751e8b465ee728b)
Start importing Assets/Images/Background/Hive/hiveBackground.png using Guid(850779b77f5b942d79edf87a6bb41460) Importer(815301076,1909f56bfc062723c751e8b465ee728b)  -> (artifact id: '28016648d65803facc04f2b6531c16f1') in 1.042301 seconds 
  Import took 1.046252 seconds .

========================================================================
Received Import Request.
  Time since last request: 0.003152 seconds.
  path: Assets/Images/Background/Hive/floorBG.asset
  artifactKey: Guid(d9b02d0fef78b4343b447bd55f5aa39a) Importer(815301076,1909f56bfc062723c751e8b465ee728b)
Start importing Assets/Images/Background/Hive/floorBG.asset using Guid(d9b02d0fef78b4343b447bd55f5aa39a) Importer(815301076,1909f56bfc062723c751e8b465ee728b)  -> (artifact id: 'ef2d161e7debadff6876c65244d494f7') in 0.047737 seconds 
  Import took 0.051740 seconds .

========================================================================
Received Import Request.
  Time since last request: 0.000182 seconds.
  path: Assets/Images/Background/Hive/exit.png
  artifactKey: Guid(9f0cdd93f969c4be1b23099a1a68e9a3) Importer(815301076,1909f56bfc062723c751e8b465ee728b)
Start importing Assets/Images/Background/Hive/exit.png using Guid(9f0cdd93f969c4be1b23099a1a68e9a3) Importer(815301076,1909f56bfc062723c751e8b465ee728b)  -> (artifact id: '27df2d2c5df0f104df0aeff3147b7be1') in 0.009475 seconds 
  Import took 0.014249 seconds .

========================================================================
Received Import Request.
  Time since last request: 0.000215 seconds.
  path: Assets/Images/Background/Hive/floor_new.png
  artifactKey: Guid(cca190eefda7a4f76a224d61556470cf) Importer(815301076,1909f56bfc062723c751e8b465ee728b)
Start importing Assets/Images/Background/Hive/floor_new.png using Guid(cca190eefda7a4f76a224d61556470cf) Importer(815301076,1909f56bfc062723c751e8b465ee728b)  -> (artifact id: 'c4e3ce00f24da9222a09ffc507c39c75') in 0.022775 seconds 
  Import took 0.027085 seconds .

========================================================================
Received Import Request.
  Time since last request: 0.000173 seconds.
  path: Assets/Images/Background/Hive/hiveBackground.asset
  artifactKey: Guid(56032c2f3b15748fe87377a31e75f019) Importer(815301076,1909f56bfc062723c751e8b465ee728b)
Start importing Assets/Images/Background/Hive/hiveBackground.asset using Guid(56032c2f3b15748fe87377a31e75f019) Importer(815301076,1909f56bfc062723c751e8b465ee728b)  -> (artifact id: '94c49de1ebc4da1823bc77ac49f433e8') in 0.034778 seconds 
  Import took 0.038704 seconds .

========================================================================
Received Import Request.
  Time since last request: 0.000215 seconds.
  path: Assets/Images/Background/Hive/hiveBackgroundNew.asset
  artifactKey: Guid(aa3258a5e6933402fba0e031c99a0926) Importer(815301076,1909f56bfc062723c751e8b465ee728b)
Start importing Assets/Images/Background/Hive/hiveBackgroundNew.asset using Guid(aa3258a5e6933402fba0e031c99a0926) Importer(815301076,1909f56bfc062723c751e8b465ee728b)  -> (artifact id: '85ad25f6b808d1230f5d65ea218bc521') in 0.036793 seconds 
  Import took 0.040823 seconds .

========================================================================
Received Import Request.
  Time since last request: 0.000181 seconds.
  path: Assets/Images/Background/Hive/hiveBackgroundNew.png
  artifactKey: Guid(0a7c9154223ed4faf8474481a83489db) Importer(815301076,1909f56bfc062723c751e8b465ee728b)
Start importing Assets/Images/Background/Hive/hiveBackgroundNew.png using Guid(0a7c9154223ed4faf8474481a83489db) Importer(815301076,1909f56bfc062723c751e8b465ee728b)  -> (artifact id: '26319094bbfa3a24c664d41a142df27a') in 0.007895 seconds 
  Import took 0.012214 seconds .

========================================================================
Received Import Request.
  Time since last request: 0.000186 seconds.
  path: Assets/Images/Background/Hive/honeycombBG.png
  artifactKey: Guid(70014f2dc053b47bdbb7867a08c12ba8) Importer(815301076,1909f56bfc062723c751e8b465ee728b)
Start importing Assets/Images/Background/Hive/honeycombBG.png using Guid(70014f2dc053b47bdbb7867a08c12ba8) Importer(815301076,1909f56bfc062723c751e8b465ee728b)  -> (artifact id: '1e2a2800157c165428b5de98f066c0c8') in 0.024592 seconds 
  Import took 0.029172 seconds .

========================================================================
Received Import Request.
  Time since last request: 0.000242 seconds.
  path: Assets/Images/Background/Hive/floorBG.png
  artifactKey: Guid(dd168479f273b470eb97322ac3013ec7) Importer(815301076,1909f56bfc062723c751e8b465ee728b)
Start importing Assets/Images/Background/Hive/floorBG.png using Guid(dd168479f273b470eb97322ac3013ec7) Importer(815301076,1909f56bfc062723c751e8b465ee728b)  -> (artifact id: 'e536ace57c581107a1f1a15b817c8ed5') in 0.008405 seconds 
  Import took 0.013037 seconds .

========================================================================
Received Import Request.
  Time since last request: 0.000227 seconds.
  path: Assets/Images/Background/Hive/floorYellow.asset
  artifactKey: Guid(6b81b0f220f944ad384cb833043d48c7) Importer(815301076,1909f56bfc062723c751e8b465ee728b)
Start importing Assets/Images/Background/Hive/floorYellow.asset using Guid(6b81b0f220f944ad384cb833043d48c7) Importer(815301076,1909f56bfc062723c751e8b465ee728b)  -> (artifact id: '82431d23f7e8fcc5d40383b5e8091348') in 0.023004 seconds 
  Import took 0.027558 seconds .

========================================================================
Received Import Request.
  Time since last request: 0.000166 seconds.
  path: Assets/Images/Background/Hive/floorYellow.png
  artifactKey: Guid(157b93ddf10aa4bb8a02a824e7865a4d) Importer(815301076,1909f56bfc062723c751e8b465ee728b)
Start importing Assets/Images/Background/Hive/floorYellow.png using Guid(157b93ddf10aa4bb8a02a824e7865a4d) Importer(815301076,1909f56bfc062723c751e8b465ee728b)  -> (artifact id: '03ad45b6496e9165b62fdabc163ba726') in 0.007111 seconds 
  Import took 0.011951 seconds .

========================================================================
Received Import Request.
  Time since last request: 0.000171 seconds.
  path: Assets/Images/Background/Hive/floor_new.asset
  artifactKey: Guid(b2f28a6b5e9eb44af84b168b55ac9c81) Importer(815301076,1909f56bfc062723c751e8b465ee728b)
Start importing Assets/Images/Background/Hive/floor_new.asset using Guid(b2f28a6b5e9eb44af84b168b55ac9c81) Importer(815301076,1909f56bfc062723c751e8b465ee728b)  -> (artifact id: 'c07dcec83af6facb6330670c301aee83') in 0.021260 seconds 
  Import took 0.025411 seconds .

========================================================================
Received Import Request.
  Time since last request: 0.000165 seconds.
  path: Assets/Images/Background/Hive/honeycombBG.asset
  artifactKey: Guid(783c36a7bf68d4d6788a30ceb679b704) Importer(815301076,1909f56bfc062723c751e8b465ee728b)
Start importing Assets/Images/Background/Hive/honeycombBG.asset using Guid(783c36a7bf68d4d6788a30ceb679b704) Importer(815301076,1909f56bfc062723c751e8b465ee728b)  -> (artifact id: 'b2e44fb6f61a690a31da8800410664fc') in 0.015999 seconds 
  Import took 0.020024 seconds .

========================================================================
Received Import Request.
  Time since last request: 4.219023 seconds.
  path: Assets/Scenes
  artifactKey: Guid(c7d94b5771f454f54b4e64f3a7b8179e) Importer(815301076,1909f56bfc062723c751e8b465ee728b)
Start importing Assets/Scenes using Guid(c7d94b5771f454f54b4e64f3a7b8179e) Importer(815301076,1909f56bfc062723c751e8b465ee728b)  -> (artifact id: '4dba82a5ed4b6fe50fcf92d0c0d96848') in 0.006645 seconds 
  Import took 0.010822 seconds .

========================================================================
Received Import Request.
  Time since last request: 9.911112 seconds.
  path: Assets/Images/loadingpage
  artifactKey: Guid(886c642db36934fe6960b3b03dccdedf) Importer(815301076,1909f56bfc062723c751e8b465ee728b)
Start importing Assets/Images/loadingpage using Guid(886c642db36934fe6960b3b03dccdedf) Importer(815301076,1909f56bfc062723c751e8b465ee728b)  -> (artifact id: 'f740407f30e827483b5b5e9102c0ae45') in 0.003466 seconds 
  Import took 0.007905 seconds .

========================================================================
Received Import Request.
  Time since last request: 4.720607 seconds.
  path: Assets/Images/loadingpage/beeLoading1.png
  artifactKey: Guid(e1ebbb34e7de642f9bc293aa1f772132) Importer(815301076,1909f56bfc062723c751e8b465ee728b)
Start importing Assets/Images/loadingpage/beeLoading1.png using Guid(e1ebbb34e7de642f9bc293aa1f772132) Importer(815301076,1909f56bfc062723c751e8b465ee728b)  -> (artifact id: '69a170ff76161f0d088743be3aef00ab') in 0.021149 seconds 
  Import took 0.025605 seconds .

========================================================================
Received Import Request.
  Time since last request: 0.000216 seconds.
  path: Assets/Images/loadingpage/loadingFlower.png
  artifactKey: Guid(7a2f3772dc60748ed9dbc0c22742955f) Importer(815301076,1909f56bfc062723c751e8b465ee728b)
Start importing Assets/Images/loadingpage/loadingFlower.png using Guid(7a2f3772dc60748ed9dbc0c22742955f) Importer(815301076,1909f56bfc062723c751e8b465ee728b)  -> (artifact id: '3460d04bfc1ebdcf87dea68b6c52f57e') in 0.008235 seconds 
  Import took 0.011704 seconds .

========================================================================
Received Import Request.
  Time since last request: 0.000222 seconds.
  path: Assets/Images/loadingpage/loadingBarBlack.png
  artifactKey: Guid(b006344c4dd8947e384ad5dc9a18f8d9) Importer(815301076,1909f56bfc062723c751e8b465ee728b)
Start importing Assets/Images/loadingpage/loadingBarBlack.png using Guid(b006344c4dd8947e384ad5dc9a18f8d9) Importer(815301076,1909f56bfc062723c751e8b465ee728b)  -> (artifact id: '86389b71d875a561a73613b8c4b56631') in 0.008042 seconds 
  Import took 0.011643 seconds .

========================================================================
Received Import Request.
  Time since last request: 0.000161 seconds.
  path: Assets/Images/loadingpage/beeLoading4.png
  artifactKey: Guid(5015f22a9bf144af6a91c74a4b010830) Importer(815301076,1909f56bfc062723c751e8b465ee728b)
Start importing Assets/Images/loadingpage/beeLoading4.png using Guid(5015f22a9bf144af6a91c74a4b010830) Importer(815301076,1909f56bfc062723c751e8b465ee728b)  -> (artifact id: '4366156c22c0c39fbf3606c7e870cad6') in 0.009701 seconds 
  Import took 0.013780 seconds .

========================================================================
Received Import Request.
  Time since last request: 0.000178 seconds.
  path: Assets/Images/loadingpage/beeLoading2.png
  artifactKey: Guid(46982fb50b29c41e884c9c87bfb82ba6) Importer(815301076,1909f56bfc062723c751e8b465ee728b)
Start importing Assets/Images/loadingpage/beeLoading2.png using Guid(46982fb50b29c41e884c9c87bfb82ba6) Importer(815301076,1909f56bfc062723c751e8b465ee728b)  -> (artifact id: '01b4194ff503a592372215c7f4ea7926') in 0.008446 seconds 
  Import took 0.011665 seconds .

========================================================================
Received Import Request.
  Time since last request: 0.000271 seconds.
  path: Assets/Images/loadingpage/beeLoading3.png
  artifactKey: Guid(7e994284ec4834d8d91b943d9235e728) Importer(815301076,1909f56bfc062723c751e8b465ee728b)
Start importing Assets/Images/loadingpage/beeLoading3.png using Guid(7e994284ec4834d8d91b943d9235e728) Importer(815301076,1909f56bfc062723c751e8b465ee728b)  -> (artifact id: 'a293fc983db15951c32feb7a616ed00f') in 0.009816 seconds 
  Import took 0.013362 seconds .

========================================================================
Received Import Request.
  Time since last request: 16.192968 seconds.
  path: Packages/com.unity.2d.sprite/Editor/ObjectMenuCreation/DefaultAssets/Textures/9-SlicedWithBorder.png
  artifactKey: Guid(cc35afd292fc349128b36a291fb3a165) Importer(815301076,1909f56bfc062723c751e8b465ee728b)
Start importing Packages/com.unity.2d.sprite/Editor/ObjectMenuCreation/DefaultAssets/Textures/9-SlicedWithBorder.png using Guid(cc35afd292fc349128b36a291fb3a165) Importer(815301076,1909f56bfc062723c751e8b465ee728b)  -> (artifact id: '600f97cdfd3edc6a1685d83d25fc157c') in 0.012794 seconds 
  Import took 0.016186 seconds .

========================================================================
Received Import Request.
  Time since last request: 0.000209 seconds.
  path: Packages/com.unity.2d.sprite/Editor/ObjectMenuCreation/DefaultAssets/Textures/9-Sliced.png
  artifactKey: Guid(71ebafeef3c03457483266a33ab2b270) Importer(815301076,1909f56bfc062723c751e8b465ee728b)
Start importing Packages/com.unity.2d.sprite/Editor/ObjectMenuCreation/DefaultAssets/Textures/9-Sliced.png using Guid(71ebafeef3c03457483266a33ab2b270) Importer(815301076,1909f56bfc062723c751e8b465ee728b)  -> (artifact id: '0ea08e4411f98851f91f00718d3ff46f') in 0.034556 seconds 
  Import took 0.037526 seconds .

========================================================================
Received Import Request.
  Time since last request: 1.687672 seconds.
  path: Packages/com.unity.2d.sprite/Editor/ObjectMenuCreation/DefaultAssets/Textures/Square.png
  artifactKey: Guid(48e93eef0688c4a259cb0eddcd8661f7) Importer(815301076,1909f56bfc062723c751e8b465ee728b)
Start importing Packages/com.unity.2d.sprite/Editor/ObjectMenuCreation/DefaultAssets/Textures/Square.png using Guid(48e93eef0688c4a259cb0eddcd8661f7) Importer(815301076,1909f56bfc062723c751e8b465ee728b)  -> (artifact id: '67f9d2c87602c9de665cd5edc8b46197') in 0.016069 seconds 
  Import took 0.019554 seconds .

========================================================================
Received Import Request.
  Time since last request: 0.000215 seconds.
  path: Packages/com.unity.2d.sprite/Editor/ObjectMenuCreation/DefaultAssets/Textures/SquareWithBorder.png
  artifactKey: Guid(db750325989564987a34393247d883b4) Importer(815301076,1909f56bfc062723c751e8b465ee728b)
Start importing Packages/com.unity.2d.sprite/Editor/ObjectMenuCreation/DefaultAssets/Textures/SquareWithBorder.png using Guid(db750325989564987a34393247d883b4) Importer(815301076,1909f56bfc062723c751e8b465ee728b)  -> (artifact id: 'f6609b4886f6a7b5e886870c4517a228') in 0.036534 seconds 
  Import took 0.039686 seconds .

========================================================================
Received Import Request.
  Time since last request: 60.984188 seconds.
  path: Assets/Images/loadingpage/beeLoading1.png
  artifactKey: Guid(e1ebbb34e7de642f9bc293aa1f772132) Importer(815301076,1909f56bfc062723c751e8b465ee728b)
Start importing Assets/Images/loadingpage/beeLoading1.png using Guid(e1ebbb34e7de642f9bc293aa1f772132) Importer(815301076,1909f56bfc062723c751e8b465ee728b)  -> (artifact id: '49dea7b7fce65b524c5bde011baf3715') in 0.010549 seconds 
  Import took 0.014283 seconds .

========================================================================
Received Import Request.
  Time since last request: 0.000172 seconds.
  path: Assets/Images/loadingpage/loadingFlower.png
  artifactKey: Guid(7a2f3772dc60748ed9dbc0c22742955f) Importer(815301076,1909f56bfc062723c751e8b465ee728b)
Start importing Assets/Images/loadingpage/loadingFlower.png using Guid(7a2f3772dc60748ed9dbc0c22742955f) Importer(815301076,1909f56bfc062723c751e8b465ee728b)  -> (artifact id: '6e79388c7a8db818a60434071492b4aa') in 0.011393 seconds 
  Import took 0.015159 seconds .

========================================================================
Received Import Request.
  Time since last request: 0.000238 seconds.
  path: Assets/Images/loadingpage/loadingBarBlack.png
  artifactKey: Guid(b006344c4dd8947e384ad5dc9a18f8d9) Importer(815301076,1909f56bfc062723c751e8b465ee728b)
Start importing Assets/Images/loadingpage/loadingBarBlack.png using Guid(b006344c4dd8947e384ad5dc9a18f8d9) Importer(815301076,1909f56bfc062723c751e8b465ee728b)  -> (artifact id: '9128a541d1d1873255fe5028d223aa7b') in 0.010194 seconds 
  Import took 0.014424 seconds .

========================================================================
Received Import Request.
  Time since last request: 0.000171 seconds.
  path: Assets/Images/loadingpage/beeLoading4.png
  artifactKey: Guid(5015f22a9bf144af6a91c74a4b010830) Importer(815301076,1909f56bfc062723c751e8b465ee728b)
Start importing Assets/Images/loadingpage/beeLoading4.png using Guid(5015f22a9bf144af6a91c74a4b010830) Importer(815301076,1909f56bfc062723c751e8b465ee728b)  -> (artifact id: '72a8dc58d3926f2e7734e6ba36070c2e') in 0.012869 seconds 
  Import took 0.016934 seconds .

========================================================================
Received Import Request.
  Time since last request: 0.000185 seconds.
  path: Assets/Images/loadingpage/beeLoading2.png
  artifactKey: Guid(46982fb50b29c41e884c9c87bfb82ba6) Importer(815301076,1909f56bfc062723c751e8b465ee728b)
Start importing Assets/Images/loadingpage/beeLoading2.png using Guid(46982fb50b29c41e884c9c87bfb82ba6) Importer(815301076,1909f56bfc062723c751e8b465ee728b)  -> (artifact id: 'f87a7ef3627a8e31bf9307de16ae9bfb') in 0.009695 seconds 
  Import took 0.013791 seconds .

========================================================================
Received Import Request.
  Time since last request: 0.000291 seconds.
  path: Assets/Images/loadingpage/beeLoading3.png
  artifactKey: Guid(7e994284ec4834d8d91b943d9235e728) Importer(815301076,1909f56bfc062723c751e8b465ee728b)
Start importing Assets/Images/loadingpage/beeLoading3.png using Guid(7e994284ec4834d8d91b943d9235e728) Importer(815301076,1909f56bfc062723c751e8b465ee728b)  -> (artifact id: '611f00ae7a724274e6672d74b5b871a3') in 0.011474 seconds 
  Import took 0.015666 seconds .

========================================================================
Received Import Request.
  Time since last request: 36.165821 seconds.
  path: Assets/Images/loadingpage/loadingBarYellow.png
  artifactKey: Guid(8521c1d7c64544f128d5a16641c2e8c8) Importer(815301076,1909f56bfc062723c751e8b465ee728b)
Start importing Assets/Images/loadingpage/loadingBarYellow.png using Guid(8521c1d7c64544f128d5a16641c2e8c8) Importer(815301076,1909f56bfc062723c751e8b465ee728b)  -> (artifact id: '2e2d8b526104033c21aa2c5444b0c333') in 0.013355 seconds 
  Import took 0.017652 seconds .

========================================================================
Received Import Request.
  Time since last request: 6.055955 seconds.
  path: Assets/Images/loadingpage/loadingBarYellow.png
  artifactKey: Guid(8521c1d7c64544f128d5a16641c2e8c8) Importer(815301076,1909f56bfc062723c751e8b465ee728b)
Start importing Assets/Images/loadingpage/loadingBarYellow.png using Guid(8521c1d7c64544f128d5a16641c2e8c8) Importer(815301076,1909f56bfc062723c751e8b465ee728b)  -> (artifact id: '1783fd60eedde8c45054d10afd13b7e7') in 0.019429 seconds 
  Import took 0.022999 seconds .

========================================================================
Received Import Request.
  Time since last request: 190.205633 seconds.
  path: Assets/Images/Background/Background.prefab
  artifactKey: Guid(e2806f94646284bdda1469300c7c5591) Importer(815301076,1909f56bfc062723c751e8b465ee728b)
Start importing Assets/Images/Background/Background.prefab using Guid(e2806f94646284bdda1469300c7c5591) Importer(815301076,1909f56bfc062723c751e8b465ee728b)  -> (artifact id: '70315c9e764e3bb9fd588b6d51e77a5e') in 0.337793 seconds 
  Import took 0.341541 seconds .

========================================================================
Received Import Request.
  Time since last request: 8.311989 seconds.
  path: Assets/TextMesh Pro/Resources/Fonts & Materials/LiberationSans SDF - Fallback.asset
  artifactKey: Guid(2e498d1c8094910479dc3e1b768306a4) Importer(815301076,1909f56bfc062723c751e8b465ee728b)
Start importing Assets/TextMesh Pro/Resources/Fonts & Materials/LiberationSans SDF - Fallback.asset using Guid(2e498d1c8094910479dc3e1b768306a4) Importer(815301076,1909f56bfc062723c751e8b465ee728b)  -> (artifact id: '006e2ecb3211f28f9ac67a45f477d976') in 0.064691 seconds 
  Import took 0.068484 seconds .

========================================================================
Received Import Request.
  Time since last request: 12.761536 seconds.
  path: Assets/Fonts
  artifactKey: Guid(ab84f38ffa9614ad493e1a0c4753984a) Importer(815301076,1909f56bfc062723c751e8b465ee728b)
Start importing Assets/Fonts using Guid(ab84f38ffa9614ad493e1a0c4753984a) Importer(815301076,1909f56bfc062723c751e8b465ee728b)  -> (artifact id: '5096610fa4536bef3ac1e85f4b7b2694') in 0.001169 seconds 
  Import took 0.005594 seconds .

========================================================================
Received Import Request.
  Time since last request: 6.979835 seconds.
  path: Assets/Fonts/ThaleahFat_TTF SDF.asset
  artifactKey: Guid(618cfa449dbe448e2b8437ca246a1168) Importer(815301076,1909f56bfc062723c751e8b465ee728b)
Start importing Assets/Fonts/ThaleahFat_TTF SDF.asset using Guid(618cfa449dbe448e2b8437ca246a1168) Importer(815301076,1909f56bfc062723c751e8b465ee728b)  -> (artifact id: '627e04ab6ce5d92700b207e20f04e733') in 0.093595 seconds 
  Import took 0.097455 seconds .

========================================================================
Received Import Request.
  Time since last request: 121.563915 seconds.
  path: Assets/Fonts/ThaleahFat_TTF SDF.asset
  artifactKey: Guid(618cfa449dbe448e2b8437ca246a1168) Importer(815301076,1909f56bfc062723c751e8b465ee728b)
Start importing Assets/Fonts/ThaleahFat_TTF SDF.asset using Guid(618cfa449dbe448e2b8437ca246a1168) Importer(815301076,1909f56bfc062723c751e8b465ee728b)  -> (artifact id: '45cebddda4b4c720575db2029e2978be') in 0.028532 seconds 
  Import took 0.032382 seconds .

========================================================================
Received Prepare
Registering precompiled user dll's ...
Registered in 0.001874 seconds.
Begin MonoManager ReloadAssembly
Native extension for WindowsStandalone target not found
Native extension for OSXStandalone target not found
Refreshing native plugins compatible for Editor in 0.46 ms, found 3 plugins.
Preloading 0 native plugins for Editor in 0.00 ms.
Mono: successfully reloaded assembly
- Completed reload, in  1.154 seconds
Domain Reload Profiling:
	ReloadAssembly (1154ms)
		BeginReloadAssembly (134ms)
			ExecutionOrderSort (0ms)
			DisableScriptedObjects (6ms)
			BackupInstance (0ms)
			ReleaseScriptingObjects (0ms)
			CreateAndSetChildDomain (65ms)
		EndReloadAssembly (956ms)
			LoadAssemblies (83ms)
			RebuildTransferFunctionScriptingTraits (0ms)
			SetupTypeCache (357ms)
			ReleaseScriptCaches (1ms)
			RebuildScriptCaches (54ms)
			SetupLoadedEditorAssemblies (347ms)
				LogAssemblyErrors (0ms)
				InitializePlatformSupportModulesInManaged (5ms)
				SetLoadedEditorAssemblies (0ms)
				RefreshPlugins (0ms)
				BeforeProcessingInitializeOnLoad (121ms)
				ProcessInitializeOnLoadAttributes (212ms)
				ProcessInitializeOnLoadMethodAttributes (7ms)
				AfterProcessingInitializeOnLoad (1ms)
				EditorAssembliesLoaded (0ms)
			ExecutionOrderSort2 (0ms)
			AwakeInstancesAfterBackupRestoration (12ms)
Platform modules already initialized, skipping
Refreshing native plugins compatible for Editor in 0.44 ms, found 3 plugins.
Preloading 0 native plugins for Editor in 0.00 ms.
Unloading 2367 Unused Serialized files (Serialized files now loaded: 0)
System memory in use before: 225.4 MB.
System memory in use after: 225.6 MB.

Unloading 14 unused Assets to reduce memory usage. Loaded Objects now: 2947.
Total: 2.958399 ms (FindLiveObjects: 0.249670 ms CreateObjectMapping: 0.095736 ms MarkObjects: 2.597029 ms  DeleteObjects: 0.015204 ms)

AssetImportParameters requested are different than current active one (requested -> active):
  custom:video-decoder-ogg-theora: a1e56fd34408186e4bbccfd4996cb3dc -> 
  custom:container-muxer-webm: aa71ff27fc2769a1b78a27578f13a17b -> 
  custom:container-demuxer-webm: 4f35f7cbe854078d1ac9338744f61a02 -> 
  custom:container-demuxer-ogg: 62fdf1f143b41e24485cea50d1cbac27 -> 
  custom:video-encoder-webm-vp8: eb34c28f22e8b96e1ab97ce403110664 -> 
  custom:framework-osx-AVFoundation: e770b220cccbd017edd2c1fefb359320 -> 
  custom:video-decoder-webm-vp8: 9c59270c3fd7afecdb556c50c9e8de78 -> 
  custom:audio-decoder-ogg-vorbis: bf7c407c2cedff20999df2af8eb42d56 -> 
  custom:audio-encoder-webm-vorbis: bf7c407c2cedff20999df2af8eb42d56 -> 
========================================================================
Received Import Request.
  Time since last request: 93.096701 seconds.
  path: Assets/Animations/loadingBee/loadingBeeAniControl.controller
  artifactKey: Guid(83eb3b5687d584242b27b17a07e685ae) Importer(815301076,1909f56bfc062723c751e8b465ee728b)
Start importing Assets/Animations/loadingBee/loadingBeeAniControl.controller using Guid(83eb3b5687d584242b27b17a07e685ae) Importer(815301076,1909f56bfc062723c751e8b465ee728b)  -> (artifact id: '99f43e4b682d8fe87a9e73ba6b0af12c') in 0.149519 seconds 
  Import took 0.152980 seconds .

========================================================================
Received Import Request.
  Time since last request: 6.890584 seconds.
  path: Assets/Animations/loadingBee/flap.anim
  artifactKey: Guid(c709987cb4b4544c89a287841b022e52) Importer(815301076,1909f56bfc062723c751e8b465ee728b)
Start importing Assets/Animations/loadingBee/flap.anim using Guid(c709987cb4b4544c89a287841b022e52) Importer(815301076,1909f56bfc062723c751e8b465ee728b)  -> (artifact id: '2538473814ddfddc988a217622379eae') in 0.138305 seconds 
  Import took 0.142339 seconds .

========================================================================
Received Prepare
Registering precompiled user dll's ...
Registered in 0.002581 seconds.
Begin MonoManager ReloadAssembly
Native extension for WindowsStandalone target not found
Native extension for OSXStandalone target not found
Refreshing native plugins compatible for Editor in 0.58 ms, found 3 plugins.
Preloading 0 native plugins for Editor in 0.00 ms.
Mono: successfully reloaded assembly
- Completed reload, in  1.192 seconds
Domain Reload Profiling:
	ReloadAssembly (1193ms)
		BeginReloadAssembly (137ms)
			ExecutionOrderSort (0ms)
			DisableScriptedObjects (7ms)
			BackupInstance (0ms)
			ReleaseScriptingObjects (0ms)
			CreateAndSetChildDomain (67ms)
		EndReloadAssembly (989ms)
			LoadAssemblies (85ms)
			RebuildTransferFunctionScriptingTraits (0ms)
			SetupTypeCache (366ms)
			ReleaseScriptCaches (1ms)
			RebuildScriptCaches (54ms)
			SetupLoadedEditorAssemblies (362ms)
				LogAssemblyErrors (0ms)
				InitializePlatformSupportModulesInManaged (5ms)
				SetLoadedEditorAssemblies (1ms)
				RefreshPlugins (1ms)
				BeforeProcessingInitializeOnLoad (124ms)
				ProcessInitializeOnLoadAttributes (223ms)
				ProcessInitializeOnLoadMethodAttributes (8ms)
				AfterProcessingInitializeOnLoad (1ms)
				EditorAssembliesLoaded (0ms)
			ExecutionOrderSort2 (0ms)
			AwakeInstancesAfterBackupRestoration (12ms)
Platform modules already initialized, skipping
Refreshing native plugins compatible for Editor in 0.45 ms, found 3 plugins.
Preloading 0 native plugins for Editor in 0.00 ms.
Unloading 2367 Unused Serialized files (Serialized files now loaded: 0)
System memory in use before: 233.8 MB.
System memory in use after: 234.0 MB.

Unloading 14 unused Assets to reduce memory usage. Loaded Objects now: 2950.
Total: 3.083344 ms (FindLiveObjects: 0.235647 ms CreateObjectMapping: 0.087905 ms MarkObjects: 2.731517 ms  DeleteObjects: 0.027188 ms)

AssetImportParameters requested are different than current active one (requested -> active):
  custom:video-decoder-ogg-theora: a1e56fd34408186e4bbccfd4996cb3dc -> 
  custom:container-muxer-webm: aa71ff27fc2769a1b78a27578f13a17b -> 
  custom:container-demuxer-webm: 4f35f7cbe854078d1ac9338744f61a02 -> 
  custom:container-demuxer-ogg: 62fdf1f143b41e24485cea50d1cbac27 -> 
  custom:video-encoder-webm-vp8: eb34c28f22e8b96e1ab97ce403110664 -> 
  custom:framework-osx-AVFoundation: e770b220cccbd017edd2c1fefb359320 -> 
  custom:video-decoder-webm-vp8: 9c59270c3fd7afecdb556c50c9e8de78 -> 
  custom:audio-decoder-ogg-vorbis: bf7c407c2cedff20999df2af8eb42d56 -> 
  custom:audio-encoder-webm-vorbis: bf7c407c2cedff20999df2af8eb42d56 -> 
========================================================================
Received Prepare
Registering precompiled user dll's ...
Registered in 0.002076 seconds.
Begin MonoManager ReloadAssembly
Native extension for WindowsStandalone target not found
Native extension for OSXStandalone target not found
Refreshing native plugins compatible for Editor in 0.44 ms, found 3 plugins.
Preloading 0 native plugins for Editor in 0.00 ms.
Mono: successfully reloaded assembly
- Completed reload, in  1.179 seconds
Domain Reload Profiling:
	ReloadAssembly (1179ms)
		BeginReloadAssembly (138ms)
			ExecutionOrderSort (0ms)
			DisableScriptedObjects (7ms)
			BackupInstance (0ms)
			ReleaseScriptingObjects (0ms)
			CreateAndSetChildDomain (66ms)
		EndReloadAssembly (973ms)
			LoadAssemblies (87ms)
			RebuildTransferFunctionScriptingTraits (0ms)
			SetupTypeCache (363ms)
			ReleaseScriptCaches (1ms)
			RebuildScriptCaches (55ms)
			SetupLoadedEditorAssemblies (349ms)
				LogAssemblyErrors (0ms)
				InitializePlatformSupportModulesInManaged (5ms)
				SetLoadedEditorAssemblies (0ms)
				RefreshPlugins (0ms)
				BeforeProcessingInitializeOnLoad (117ms)
				ProcessInitializeOnLoadAttributes (216ms)
				ProcessInitializeOnLoadMethodAttributes (8ms)
				AfterProcessingInitializeOnLoad (2ms)
				EditorAssembliesLoaded (0ms)
			ExecutionOrderSort2 (0ms)
			AwakeInstancesAfterBackupRestoration (12ms)
Platform modules already initialized, skipping
Refreshing native plugins compatible for Editor in 0.45 ms, found 3 plugins.
Preloading 0 native plugins for Editor in 0.00 ms.
Unloading 2367 Unused Serialized files (Serialized files now loaded: 0)
System memory in use before: 233.9 MB.
System memory in use after: 234.2 MB.

Unloading 14 unused Assets to reduce memory usage. Loaded Objects now: 2953.
Total: 3.364448 ms (FindLiveObjects: 0.390640 ms CreateObjectMapping: 0.191698 ms MarkObjects: 2.763257 ms  DeleteObjects: 0.017670 ms)

AssetImportParameters requested are different than current active one (requested -> active):
  custom:video-decoder-ogg-theora: a1e56fd34408186e4bbccfd4996cb3dc -> 
  custom:container-muxer-webm: aa71ff27fc2769a1b78a27578f13a17b -> 
  custom:container-demuxer-webm: 4f35f7cbe854078d1ac9338744f61a02 -> 
  custom:container-demuxer-ogg: 62fdf1f143b41e24485cea50d1cbac27 -> 
  custom:video-encoder-webm-vp8: eb34c28f22e8b96e1ab97ce403110664 -> 
  custom:framework-osx-AVFoundation: e770b220cccbd017edd2c1fefb359320 -> 
  custom:video-decoder-webm-vp8: 9c59270c3fd7afecdb556c50c9e8de78 -> 
  custom:audio-decoder-ogg-vorbis: bf7c407c2cedff20999df2af8eb42d56 -> 
  custom:audio-encoder-webm-vorbis: bf7c407c2cedff20999df2af8eb42d56 -> 
========================================================================
Received Prepare
Registering precompiled user dll's ...
Registered in 0.002114 seconds.
Begin MonoManager ReloadAssembly
Native extension for WindowsStandalone target not found
Native extension for OSXStandalone target not found
Refreshing native plugins compatible for Editor in 0.44 ms, found 3 plugins.
Preloading 0 native plugins for Editor in 0.00 ms.
Mono: successfully reloaded assembly
- Completed reload, in  1.187 seconds
Domain Reload Profiling:
	ReloadAssembly (1187ms)
		BeginReloadAssembly (141ms)
			ExecutionOrderSort (0ms)
			DisableScriptedObjects (6ms)
			BackupInstance (0ms)
			ReleaseScriptingObjects (0ms)
			CreateAndSetChildDomain (67ms)
		EndReloadAssembly (978ms)
			LoadAssemblies (87ms)
			RebuildTransferFunctionScriptingTraits (0ms)
			SetupTypeCache (368ms)
			ReleaseScriptCaches (1ms)
			RebuildScriptCaches (57ms)
			SetupLoadedEditorAssemblies (350ms)
				LogAssemblyErrors (0ms)
				InitializePlatformSupportModulesInManaged (6ms)
				SetLoadedEditorAssemblies (0ms)
				RefreshPlugins (0ms)
				BeforeProcessingInitializeOnLoad (120ms)
				ProcessInitializeOnLoadAttributes (216ms)
				ProcessInitializeOnLoadMethodAttributes (6ms)
				AfterProcessingInitializeOnLoad (2ms)
				EditorAssembliesLoaded (0ms)
			ExecutionOrderSort2 (0ms)
			AwakeInstancesAfterBackupRestoration (12ms)
Platform modules already initialized, skipping
Refreshing native plugins compatible for Editor in 0.46 ms, found 3 plugins.
Preloading 0 native plugins for Editor in 0.00 ms.
Unloading 2367 Unused Serialized files (Serialized files now loaded: 0)
System memory in use before: 234.2 MB.
System memory in use after: 234.5 MB.

Unloading 14 unused Assets to reduce memory usage. Loaded Objects now: 2956.
Total: 3.254299 ms (FindLiveObjects: 0.438167 ms CreateObjectMapping: 0.138684 ms MarkObjects: 2.661117 ms  DeleteObjects: 0.015349 ms)

AssetImportParameters requested are different than current active one (requested -> active):
  custom:video-decoder-ogg-theora: a1e56fd34408186e4bbccfd4996cb3dc -> 
  custom:container-muxer-webm: aa71ff27fc2769a1b78a27578f13a17b -> 
  custom:container-demuxer-webm: 4f35f7cbe854078d1ac9338744f61a02 -> 
  custom:container-demuxer-ogg: 62fdf1f143b41e24485cea50d1cbac27 -> 
  custom:video-encoder-webm-vp8: eb34c28f22e8b96e1ab97ce403110664 -> 
  custom:framework-osx-AVFoundation: e770b220cccbd017edd2c1fefb359320 -> 
  custom:video-decoder-webm-vp8: 9c59270c3fd7afecdb556c50c9e8de78 -> 
  custom:audio-decoder-ogg-vorbis: bf7c407c2cedff20999df2af8eb42d56 -> 
  custom:audio-encoder-webm-vorbis: bf7c407c2cedff20999df2af8eb42d56 -> 
========================================================================
Received Import Request.
  Time since last request: 576.364899 seconds.
  path: Assets/TextMesh Pro/Resources/Fonts & Materials/LiberationSans SDF - Drop Shadow.mat
  artifactKey: Guid(e73a58f6e2794ae7b1b7e50b7fb811b0) Importer(815301076,1909f56bfc062723c751e8b465ee728b)
Start importing Assets/TextMesh Pro/Resources/Fonts & Materials/LiberationSans SDF - Drop Shadow.mat using Guid(e73a58f6e2794ae7b1b7e50b7fb811b0) Importer(815301076,1909f56bfc062723c751e8b465ee728b)  -> (artifact id: 'ca0d2861f60500f05bd29199894f7bb5') in 0.459531 seconds 
  Import took 0.464121 seconds .

========================================================================
Received Import Request.
  Time since last request: 0.001513 seconds.
  path: Assets/TextMesh Pro/Resources/Fonts & Materials/LiberationSans SDF - Outline.mat
  artifactKey: Guid(79459efec17a4d00a321bdcc27bbc385) Importer(815301076,1909f56bfc062723c751e8b465ee728b)
Start importing Assets/TextMesh Pro/Resources/Fonts & Materials/LiberationSans SDF - Outline.mat using Guid(79459efec17a4d00a321bdcc27bbc385) Importer(815301076,1909f56bfc062723c751e8b465ee728b)  -> (artifact id: '289988fcecf3b00d1602f8d2b589f7dd') in 0.122518 seconds 
  Import took 0.126456 seconds .

========================================================================
Received Import Request.
  Time since last request: 2.194851 seconds.
  path: Assets/TextMesh Pro/Resources/TMP Settings.asset
  artifactKey: Guid(3f5b5dff67a942289a9defa416b206f3) Importer(815301076,1909f56bfc062723c751e8b465ee728b)
Start importing Assets/TextMesh Pro/Resources/TMP Settings.asset using Guid(3f5b5dff67a942289a9defa416b206f3) Importer(815301076,1909f56bfc062723c751e8b465ee728b)  -> (artifact id: '80217e6c75f9d2e4957cbc8093faaf48') in 0.044541 seconds 
  Import took 0.048140 seconds .

========================================================================
Received Import Request.
  Time since last request: 933.845924 seconds.
  path: Assets/Fonts/NeoDunggeunmoPro-Regular.ttf
  artifactKey: Guid(f6b2575d1007d4d94b8f6d4be711fc90) Importer(815301076,1909f56bfc062723c751e8b465ee728b)
Start importing Assets/Fonts/NeoDunggeunmoPro-Regular.ttf using Guid(f6b2575d1007d4d94b8f6d4be711fc90) Importer(815301076,1909f56bfc062723c751e8b465ee728b)  -> (artifact id: '6f13efdcc1b4da34e4689b043332ebee') in 1.609937 seconds 
  Import took 1.613705 seconds .

========================================================================
Received Import Request.
  Time since last request: 20.383200 seconds.
  path: Assets/Fonts/NeoDunggeunmoPro-Regular SDF.asset
  artifactKey: Guid(3aed8e7ba4b544bb7bc36541be781755) Importer(815301076,1909f56bfc062723c751e8b465ee728b)
Start importing Assets/Fonts/NeoDunggeunmoPro-Regular SDF.asset using Guid(3aed8e7ba4b544bb7bc36541be781755) Importer(815301076,1909f56bfc062723c751e8b465ee728b)  -> (artifact id: '3b6bdeac712bdd91a97771840f8c493c') in 0.025352 seconds 
  Import took 0.029224 seconds .

========================================================================
Received Import Request.
  Time since last request: 0.000274 seconds.
  path: Assets/Fonts/ThaleahFat_TTF SDF.asset
  artifactKey: Guid(618cfa449dbe448e2b8437ca246a1168) Importer(815301076,1909f56bfc062723c751e8b465ee728b)
Start importing Assets/Fonts/ThaleahFat_TTF SDF.asset using Guid(618cfa449dbe448e2b8437ca246a1168) Importer(815301076,1909f56bfc062723c751e8b465ee728b)  -> (artifact id: '0317ee64b60eb29bd1020816426b6c25') in 0.024740 seconds 
  Import took 0.028687 seconds .

========================================================================
Received Prepare
Registering precompiled user dll's ...
Registered in 0.002023 seconds.
Begin MonoManager ReloadAssembly
Native extension for WindowsStandalone target not found
Native extension for OSXStandalone target not found
Refreshing native plugins compatible for Editor in 0.45 ms, found 3 plugins.
Preloading 0 native plugins for Editor in 0.00 ms.
Mono: successfully reloaded assembly
- Completed reload, in  1.191 seconds
Domain Reload Profiling:
	ReloadAssembly (1191ms)
		BeginReloadAssembly (140ms)
			ExecutionOrderSort (0ms)
			DisableScriptedObjects (6ms)
			BackupInstance (0ms)
			ReleaseScriptingObjects (0ms)
			CreateAndSetChildDomain (67ms)
		EndReloadAssembly (983ms)
			LoadAssemblies (90ms)
			RebuildTransferFunctionScriptingTraits (0ms)
			SetupTypeCache (364ms)
			ReleaseScriptCaches (1ms)
			RebuildScriptCaches (55ms)
			SetupLoadedEditorAssemblies (363ms)
				LogAssemblyErrors (0ms)
				InitializePlatformSupportModulesInManaged (5ms)
				SetLoadedEditorAssemblies (0ms)
				RefreshPlugins (0ms)
				BeforeProcessingInitializeOnLoad (128ms)
				ProcessInitializeOnLoadAttributes (220ms)
				ProcessInitializeOnLoadMethodAttributes (6ms)
				AfterProcessingInitializeOnLoad (2ms)
				EditorAssembliesLoaded (0ms)
			ExecutionOrderSort2 (0ms)
			AwakeInstancesAfterBackupRestoration (11ms)
Platform modules already initialized, skipping
Refreshing native plugins compatible for Editor in 0.49 ms, found 3 plugins.
Preloading 0 native plugins for Editor in 0.00 ms.
Unloading 2367 Unused Serialized files (Serialized files now loaded: 0)
System memory in use before: 242.9 MB.
System memory in use after: 243.1 MB.

Unloading 14 unused Assets to reduce memory usage. Loaded Objects now: 2962.
Total: 3.098737 ms (FindLiveObjects: 0.233343 ms CreateObjectMapping: 0.090815 ms MarkObjects: 2.744757 ms  DeleteObjects: 0.028580 ms)

AssetImportParameters requested are different than current active one (requested -> active):
  custom:video-decoder-ogg-theora: a1e56fd34408186e4bbccfd4996cb3dc -> 
  custom:container-muxer-webm: aa71ff27fc2769a1b78a27578f13a17b -> 
  custom:container-demuxer-webm: 4f35f7cbe854078d1ac9338744f61a02 -> 
  custom:container-demuxer-ogg: 62fdf1f143b41e24485cea50d1cbac27 -> 
  custom:video-encoder-webm-vp8: eb34c28f22e8b96e1ab97ce403110664 -> 
  custom:framework-osx-AVFoundation: e770b220cccbd017edd2c1fefb359320 -> 
  custom:video-decoder-webm-vp8: 9c59270c3fd7afecdb556c50c9e8de78 -> 
  custom:audio-decoder-ogg-vorbis: bf7c407c2cedff20999df2af8eb42d56 -> 
  custom:audio-encoder-webm-vorbis: bf7c407c2cedff20999df2af8eb42d56 -> 
2023-05-06 12:12:29.522 Unity[50703:2535428] HIToolbox: received notification of WindowServer event port death.
2023-05-06 12:12:29.528 Unity[50703:2535428] port matched the WindowServer port created in BindCGSToRunLoop
